<?xml version="1.0" encoding="UTF-8"?>
<!-- Generated by org.testng.reporters.JUnitXMLReporter -->
<testsuite ignored="0" hostname="admin" failures="0" tests="2" name="Default test" time="44.876" errors="0" timestamp="2024-07-03T13:25:56 IST">
  <testcase classname="Module01_RegisterTest.PoorvankFoodsLoginTest" name="verifyLogin" time="5.299"/>
  <testcase classname="Module01_RegisterTest.PoorvankFoodsLoginTest" name="verifyMangoPickleSelection" time="10.096"/>
</testsuite> <!-- Default test -->
