<?xml version="1.0" encoding="UTF-8"?>
<testng-results ignored="0" total="2" passed="2" failed="0" skipped="0">
  <reporter-output>
  </reporter-output>
  <suite started-at="2024-07-03T13:25:11 IST" name="Default suite" finished-at="2024-07-03T13:25:56 IST" duration-ms="44876">
    <groups>
    </groups>
    <test started-at="2024-07-03T13:25:11 IST" name="Default test" finished-at="2024-07-03T13:25:56 IST" duration-ms="44876">
      <class name="Module01_RegisterTest.PoorvankFoodsLoginTest">
        <test-method is-config="true" signature="openBrowser()[pri:0, instance:Module01_RegisterTest.PoorvankFoodsLoginTest@5b12b668]" started-at="2024-07-03T13:25:11 IST" name="openBrowser" finished-at="2024-07-03T13:25:18 IST" duration-ms="6506" status="PASS">
          <reporter-output>
          </reporter-output>
        </test-method> <!-- openBrowser -->
        <test-method is-config="true" signature="loginToapp()[pri:0, instance:Module01_RegisterTest.PoorvankFoodsLoginTest@5b12b668]" started-at="2024-07-03T13:25:18 IST" name="loginToapp" finished-at="2024-07-03T13:25:27 IST" duration-ms="9135" status="PASS">
          <reporter-output>
          </reporter-output>
        </test-method> <!-- loginToapp -->
        <test-method signature="verifyLogin()[pri:1, instance:Module01_RegisterTest.PoorvankFoodsLoginTest@5b12b668]" started-at="2024-07-03T13:25:27 IST" name="verifyLogin" finished-at="2024-07-03T13:25:32 IST" duration-ms="5299" status="PASS">
          <reporter-output>
          </reporter-output>
        </test-method> <!-- verifyLogin -->
        <test-method is-config="true" signature="logoutFromApp(org.testng.ITestResult)[pri:0, instance:Module01_RegisterTest.PoorvankFoodsLoginTest@5b12b668]" started-at="2024-07-03T13:25:32 IST" name="logoutFromApp" finished-at="2024-07-03T13:25:35 IST" duration-ms="2691" status="PASS">
          <params>
            <param index="0">
              <value>
                <![CDATA[[TestResult name=verifyLogin status=SUCCESS method=PoorvankFoodsLoginTest.verifyLogin()[pri:1, instance:Module01_RegisterTest.PoorvankFoodsLoginTest@5b12b668] output={null}]]]>
              </value>
            </param>
          </params>
          <reporter-output>
          </reporter-output>
        </test-method> <!-- logoutFromApp -->
        <test-method is-config="true" signature="loginToapp()[pri:0, instance:Module01_RegisterTest.PoorvankFoodsLoginTest@5b12b668]" started-at="2024-07-03T13:25:35 IST" name="loginToapp" finished-at="2024-07-03T13:25:44 IST" duration-ms="8804" status="PASS">
          <reporter-output>
          </reporter-output>
        </test-method> <!-- loginToapp -->
        <test-method signature="verifyMangoPickleSelection()[pri:2, instance:Module01_RegisterTest.PoorvankFoodsLoginTest@5b12b668]" started-at="2024-07-03T13:25:44 IST" name="verifyMangoPickleSelection" finished-at="2024-07-03T13:25:54 IST" duration-ms="10096" status="PASS">
          <reporter-output>
          </reporter-output>
        </test-method> <!-- verifyMangoPickleSelection -->
        <test-method is-config="true" signature="logoutFromApp(org.testng.ITestResult)[pri:0, instance:Module01_RegisterTest.PoorvankFoodsLoginTest@5b12b668]" started-at="2024-07-03T13:25:54 IST" name="logoutFromApp" finished-at="2024-07-03T13:25:56 IST" duration-ms="2015" status="PASS">
          <params>
            <param index="0">
              <value>
                <![CDATA[[TestResult name=verifyMangoPickleSelection status=SUCCESS method=PoorvankFoodsLoginTest.verifyMangoPickleSelection()[pri:2, instance:Module01_RegisterTest.PoorvankFoodsLoginTest@5b12b668] output={null}]]]>
              </value>
            </param>
          </params>
          <reporter-output>
          </reporter-output>
        </test-method> <!-- logoutFromApp -->
        <test-method is-config="true" signature="closeBrowser()[pri:0, instance:Module01_RegisterTest.PoorvankFoodsLoginTest@5b12b668]" started-at="2024-07-03T13:25:56 IST" name="closeBrowser" finished-at="2024-07-03T13:25:56 IST" duration-ms="293" status="PASS">
          <reporter-output>
          </reporter-output>
        </test-method> <!-- closeBrowser -->
      </class> <!-- Module01_RegisterTest.PoorvankFoodsLoginTest -->
    </test> <!-- Default test -->
  </suite> <!-- Default suite -->
</testng-results>
